2025-03-31 15:53:28,642 - __main__ - INFO - Starting theme extraction: input=data/synthetic_responses.json, output=data/theme_mapping_1.json
2025-03-31 15:53:28,642 - __main__ - ERROR - Error loading responses from data/synthetic_responses.json: [Errno 2] No such file or directory: 'data/synthetic_responses.json'
2025-03-31 15:53:28,642 - __main__ - ERROR - No responses loaded, exiting
2025-03-31 15:56:56,924 - __main__ - INFO - Starting theme extraction: input=data/synthetic_responses.json, output=data/theme_mapping_1.json
2025-03-31 15:56:56,924 - __main__ - INFO - Loaded 10 responses from data/synthetic_responses.json
2025-03-31 15:56:56,924 - __main__ - WARNING - Themefinder is not available, will use fallback implementation
2025-03-31 15:56:56,924 - __main__ - INFO - Starting theme extraction with fallback implementation
2025-03-31 15:56:56,924 - __main__ - INFO - Successfully assigned themes to 10 responses using fallback method
2025-03-31 15:56:56,924 - __main__ - INFO - Theme distribution analysis:
2025-03-31 15:56:56,925 - __main__ - INFO -   Total themes assigned: 28
2025-03-31 15:56:56,925 - __main__ - INFO -   Unique themes: 10
2025-03-31 15:56:56,925 - __main__ - INFO -   Average themes per response: 2.80
2025-03-31 15:56:56,925 - __main__ - INFO -   Theme counts:
2025-03-31 15:56:56,925 - __main__ - INFO -     Theme A: 3 (30.0%)
2025-03-31 15:56:56,925 - __main__ - INFO -     Theme B: 4 (40.0%)
2025-03-31 15:56:56,925 - __main__ - INFO -     Theme C: 2 (20.0%)
2025-03-31 15:56:56,925 - __main__ - INFO -     Theme D: 2 (20.0%)
2025-03-31 15:56:56,925 - __main__ - INFO -     Theme E: 3 (30.0%)
2025-03-31 15:56:56,925 - __main__ - INFO -     Theme F: 2 (20.0%)
2025-03-31 15:56:56,925 - __main__ - INFO -     Theme G: 5 (50.0%)
2025-03-31 15:56:56,925 - __main__ - INFO -     Theme H: 1 (10.0%)
2025-03-31 15:56:56,925 - __main__ - INFO -     Theme I: 1 (10.0%)
2025-03-31 15:56:56,925 - __main__ - INFO -     Theme J: 5 (50.0%)
2025-03-31 15:56:56,925 - __main__ - INFO - Saved theme mapping for 10 responses to data/theme_mapping_1.json
2025-03-31 15:56:56,925 - __main__ - INFO - Theme extraction complete
